<!DOCTYPE html PUBLIC "-//W3C//DTD XHTML 1.1//EN" "http://www.w3.org/TR/xhtml11/DTD/xhtml11.dtd">
<html xmlns="http://www.w3.org/1999/xhtml">
<head>
<meta http-equiv="content-type" content="text/html; charset=UTF-8"/>
<title>TestNG Report</title>
<style type="text/css">table {margin-bottom:10px;border-collapse:collapse;empty-cells:show}th,td {border:1px solid #009;padding:.25em .5em}th {vertical-align:bottom}td {vertical-align:top}table a {font-weight:bold}.stripe td {background-color: #E6EBF9}.num {text-align:right}.passedodd td {background-color: #3F3}.passedeven td {background-color: #0A0}.skippedodd td {background-color: #DDD}.skippedeven td {background-color: #CCC}.failedodd td,.attn {background-color: #F33}.failedeven td,.stripe .attn {background-color: #D00}.stacktrace {white-space:pre;font-family:monospace}.totop {font-size:85%;text-align:center;border-bottom:2px solid #000}.invisible {display:none}</style>
</head>
<body>
<table>
<tr><th>Test</th><th># Passed</th><th># Skipped</th><th># Failed</th><th>Time (ms)</th><th>Included Groups</th><th>Excluded Groups</th></tr>
<tr><th colspan="7">Hub Spot Regression Suite</th></tr>
<tr><td><a href="#t0">Hub Spot Functional Regression Test</a></td><td class="num">0</td><td class="num attn">1</td><td class="num">0</td><td class="num">16,396</td><td></td><td></td></tr>
</table>
<table id='summary'><thead><tr><th>Class</th><th>Method</th><th>Start</th><th>Time (ms)</th></tr></thead><tbody><tr><th colspan="4">Hub Spot Regression Suite</th></tr></tbody><tbody id="t0"><tr><th colspan="4">Hub Spot Functional Regression Test &#8212; failed (configuration methods)</th></tr><tr class="failedeven"><td rowspan="2">com.qa.hubspot.tests.LoginPageTest</td><td><a href="#m0">setUp</a></td><td rowspan="1">1598617614657</td><td rowspan="1">15938</td></tr><tr class="failedeven"><td><a href="#m1">tearDown</a></td><td rowspan="1">1598617630668</td><td rowspan="1">1</td></tr><tr><th colspan="4">Hub Spot Functional Regression Test &#8212; skipped</th></tr><tr class="skippedeven"><td rowspan="1">com.qa.hubspot.tests.LoginPageTest</td><td><a href="#m2">verifyLoginPageTitleTest</a></td><td rowspan="1">1598617630653</td><td rowspan="1">0</td></tr></tbody>
</table>
<h2>Hub Spot Functional Regression Test</h2><h3 id="m0">com.qa.hubspot.tests.LoginPageTest#setUp</h3><table class="result"><tr class="param"><th>Parameter #1</th></tr><tr class="param stripe"><td>chrome</td></tr><tr><th>Exception</th></tr><tr><td><div class="stacktrace">org.openqa.selenium.SessionNotCreatedException: session not created
from chrome not reachable
  (Session info: chrome=84.0.4147.135)
Build info: version: &apos;3.141.59&apos;, revision: &apos;e82be7d358&apos;, time: &apos;2018-11-14T08:17:03&apos;
System info: host: &apos;DESKTOP-SNTAD9U&apos;, ip: &apos;9.102.53.245&apos;, os.name: &apos;Windows 10&apos;, os.arch: &apos;amd64&apos;, os.version: &apos;10.0&apos;, java.version: &apos;1.8.0_241&apos;
Driver info: driver.version: ChromeDriver
remote stacktrace: Backtrace:
	Ordinal0 [0x00A687E3+2852835]
	Ordinal0 [0x00955BB1+1727409]
	Ordinal0 [0x0082E362+516962]
	Ordinal0 [0x00827D82+490882]
	Ordinal0 [0x0082846B+492651]
	Ordinal0 [0x008293C5+496581]
	Ordinal0 [0x00824D64+478564]
	Ordinal0 [0x0082F300+520960]
	Ordinal0 [0x007DE489+189577]
	Ordinal0 [0x007DD7FD+186365]
	Ordinal0 [0x007DB70B+177931]
	Ordinal0 [0x007C2584+75140]
	Ordinal0 [0x007C3650+79440]
	Ordinal0 [0x007C35E9+79337]
	Ordinal0 [0x0096AD5C+1813852]
	GetHandleVerifier [0x00B8C616+1075574]
	GetHandleVerifier [0x00B8C367+1074887]
	GetHandleVerifier [0x00B97497+1120247]
	GetHandleVerifier [0x00B8CC16+1077110]
	Ordinal0 [0x00963206+1782278]
	Ordinal0 [0x0096C3BB+1819579]
	Ordinal0 [0x0096C523+1819939]
	Ordinal0 [0x00982B45+1911621]
	BaseThreadInitThunk [0x77346359+25]
	RtlGetAppContainerNamedObjectPath [0x774E7C24+228]
	RtlGetAppContainerNamedObjectPath [0x774E7BF4+180]

	at org.openqa.selenium.remote.W3CHandshakeResponse.lambda$errorHandler$0(W3CHandshakeResponse.java:62)
	at org.openqa.selenium.remote.HandshakeResponse.lambda$getResponseFunction$0(HandshakeResponse.java:30)
	at org.openqa.selenium.remote.ProtocolHandshake.lambda$createSession$0(ProtocolHandshake.java:126)
	at java.util.stream.ReferencePipeline$3$1.accept(ReferencePipeline.java:193)
	at java.util.Spliterators$ArraySpliterator.tryAdvance(Spliterators.java:958)
	at java.util.stream.ReferencePipeline.forEachWithCancel(ReferencePipeline.java:126)
	at java.util.stream.AbstractPipeline.copyIntoWithCancel(AbstractPipeline.java:499)
	at java.util.stream.AbstractPipeline.copyInto(AbstractPipeline.java:486)
	at java.util.stream.AbstractPipeline.wrapAndCopyInto(AbstractPipeline.java:472)
	at java.util.stream.FindOps$FindOp.evaluateSequential(FindOps.java:152)
	at java.util.stream.AbstractPipeline.evaluate(AbstractPipeline.java:234)
	at java.util.stream.ReferencePipeline.findFirst(ReferencePipeline.java:464)
	at org.openqa.selenium.remote.ProtocolHandshake.createSession(ProtocolHandshake.java:128)
	at org.openqa.selenium.remote.ProtocolHandshake.createSession(ProtocolHandshake.java:74)
	at org.openqa.selenium.remote.HttpCommandExecutor.execute(HttpCommandExecutor.java:136)
	at org.openqa.selenium.remote.service.DriverCommandExecutor.execute(DriverCommandExecutor.java:83)
	at org.openqa.selenium.remote.RemoteWebDriver.execute(RemoteWebDriver.java:552)
	at org.openqa.selenium.remote.RemoteWebDriver.startSession(RemoteWebDriver.java:213)
	at org.openqa.selenium.remote.RemoteWebDriver.&lt;init&gt;(RemoteWebDriver.java:131)
	at org.openqa.selenium.chrome.ChromeDriver.&lt;init&gt;(ChromeDriver.java:181)
	at org.openqa.selenium.chrome.ChromeDriver.&lt;init&gt;(ChromeDriver.java:168)
	at org.openqa.selenium.chrome.ChromeDriver.&lt;init&gt;(ChromeDriver.java:157)
	at com.qa.hubspot.base.BasePage.init_driver(BasePage.java:43)
	at com.qa.hubspot.tests.LoginPageTest.setUp(LoginPageTest.java:52)
... Removed 31 stack frames</div></td></tr></table><p class="totop"><a href="#summary">back to summary</a></p>
<h3 id="m1">com.qa.hubspot.tests.LoginPageTest#tearDown</h3><table class="result"><tr><th>Exception</th></tr><tr><td><div class="stacktrace">java.lang.NullPointerException
	at com.qa.hubspot.tests.LoginPageTest.tearDown(LoginPageTest.java:116)
... Removed 27 stack frames</div></td></tr></table><p class="totop"><a href="#summary">back to summary</a></p>
<h3 id="m2">com.qa.hubspot.tests.LoginPageTest#verifyLoginPageTitleTest</h3><table class="result"><tr><th>Exception</th></tr><tr><td><div class="stacktrace">org.openqa.selenium.SessionNotCreatedException: session not created
from chrome not reachable
  (Session info: chrome=84.0.4147.135)
Build info: version: &apos;3.141.59&apos;, revision: &apos;e82be7d358&apos;, time: &apos;2018-11-14T08:17:03&apos;
System info: host: &apos;DESKTOP-SNTAD9U&apos;, ip: &apos;9.102.53.245&apos;, os.name: &apos;Windows 10&apos;, os.arch: &apos;amd64&apos;, os.version: &apos;10.0&apos;, java.version: &apos;1.8.0_241&apos;
Driver info: driver.version: ChromeDriver
remote stacktrace: Backtrace:
	Ordinal0 [0x00A687E3+2852835]
	Ordinal0 [0x00955BB1+1727409]
	Ordinal0 [0x0082E362+516962]
	Ordinal0 [0x00827D82+490882]
	Ordinal0 [0x0082846B+492651]
	Ordinal0 [0x008293C5+496581]
	Ordinal0 [0x00824D64+478564]
	Ordinal0 [0x0082F300+520960]
	Ordinal0 [0x007DE489+189577]
	Ordinal0 [0x007DD7FD+186365]
	Ordinal0 [0x007DB70B+177931]
	Ordinal0 [0x007C2584+75140]
	Ordinal0 [0x007C3650+79440]
	Ordinal0 [0x007C35E9+79337]
	Ordinal0 [0x0096AD5C+1813852]
	GetHandleVerifier [0x00B8C616+1075574]
	GetHandleVerifier [0x00B8C367+1074887]
	GetHandleVerifier [0x00B97497+1120247]
	GetHandleVerifier [0x00B8CC16+1077110]
	Ordinal0 [0x00963206+1782278]
	Ordinal0 [0x0096C3BB+1819579]
	Ordinal0 [0x0096C523+1819939]
	Ordinal0 [0x00982B45+1911621]
	BaseThreadInitThunk [0x77346359+25]
	RtlGetAppContainerNamedObjectPath [0x774E7C24+228]
	RtlGetAppContainerNamedObjectPath [0x774E7BF4+180]

	at org.openqa.selenium.remote.W3CHandshakeResponse.lambda$errorHandler$0(W3CHandshakeResponse.java:62)
	at org.openqa.selenium.remote.HandshakeResponse.lambda$getResponseFunction$0(HandshakeResponse.java:30)
	at org.openqa.selenium.remote.ProtocolHandshake.lambda$createSession$0(ProtocolHandshake.java:126)
	at java.util.stream.ReferencePipeline$3$1.accept(ReferencePipeline.java:193)
	at java.util.Spliterators$ArraySpliterator.tryAdvance(Spliterators.java:958)
	at java.util.stream.ReferencePipeline.forEachWithCancel(ReferencePipeline.java:126)
	at java.util.stream.AbstractPipeline.copyIntoWithCancel(AbstractPipeline.java:499)
	at java.util.stream.AbstractPipeline.copyInto(AbstractPipeline.java:486)
	at java.util.stream.AbstractPipeline.wrapAndCopyInto(AbstractPipeline.java:472)
	at java.util.stream.FindOps$FindOp.evaluateSequential(FindOps.java:152)
	at java.util.stream.AbstractPipeline.evaluate(AbstractPipeline.java:234)
	at java.util.stream.ReferencePipeline.findFirst(ReferencePipeline.java:464)
	at org.openqa.selenium.remote.ProtocolHandshake.createSession(ProtocolHandshake.java:128)
	at org.openqa.selenium.remote.ProtocolHandshake.createSession(ProtocolHandshake.java:74)
	at org.openqa.selenium.remote.HttpCommandExecutor.execute(HttpCommandExecutor.java:136)
	at org.openqa.selenium.remote.service.DriverCommandExecutor.execute(DriverCommandExecutor.java:83)
	at org.openqa.selenium.remote.RemoteWebDriver.execute(RemoteWebDriver.java:552)
	at org.openqa.selenium.remote.RemoteWebDriver.startSession(RemoteWebDriver.java:213)
	at org.openqa.selenium.remote.RemoteWebDriver.&lt;init&gt;(RemoteWebDriver.java:131)
	at org.openqa.selenium.chrome.ChromeDriver.&lt;init&gt;(ChromeDriver.java:181)
	at org.openqa.selenium.chrome.ChromeDriver.&lt;init&gt;(ChromeDriver.java:168)
	at org.openqa.selenium.chrome.ChromeDriver.&lt;init&gt;(ChromeDriver.java:157)
	at com.qa.hubspot.base.BasePage.init_driver(BasePage.java:43)
	at com.qa.hubspot.tests.LoginPageTest.setUp(LoginPageTest.java:52)
... Removed 31 stack frames</div></td></tr></table><p class="totop"><a href="#summary">back to summary</a></p>
</body>
</html>
