<?xml version="1.0" encoding="UTF-8"?>
<!-- Generated by org.testng.reporters.JUnitXMLReporter -->
<testsuite hostname="DESKTOP-SNTAD9U" ignored="3" name="Hub Spot Functional Regression Test" tests="1" failures="0" timestamp="28 Aug 2020 12:27:10 GMT" time="16.396" errors="0">
  <testcase name="@BeforeTest setUp" time="15.938" classname="com.qa.hubspot.tests.LoginPageTest">
    <failure type="org.openqa.selenium.SessionNotCreatedException" message="session not created
from chrome not reachable
  (Session info: chrome=84.0.4147.135)
Build info: version: &amp;apos;3.141.59&amp;apos;, revision: &amp;apos;e82be7d358&amp;apos;, time: &amp;apos;2018-11-14T08:17:03&amp;apos;
System info: host: &amp;apos;DESKTOP-SNTAD9U&amp;apos;, ip: &amp;apos;9.102.53.245&amp;apos;, os.name: &amp;apos;Windows 10&amp;apos;, os.arch: &amp;apos;amd64&amp;apos;, os.version: &amp;apos;10.0&amp;apos;, java.version: &amp;apos;1.8.0_241&amp;apos;
Driver info: driver.version: ChromeDriver
remote stacktrace: Backtrace:
	Ordinal0 [0x00A687E3+2852835]
	Ordinal0 [0x00955BB1+1727409]
	Ordinal0 [0x0082E362+516962]
	Ordinal0 [0x00827D82+490882]
	Ordinal0 [0x0082846B+492651]
	Ordinal0 [0x008293C5+496581]
	Ordinal0 [0x00824D64+478564]
	Ordinal0 [0x0082F300+520960]
	Ordinal0 [0x007DE489+189577]
	Ordinal0 [0x007DD7FD+186365]
	Ordinal0 [0x007DB70B+177931]
	Ordinal0 [0x007C2584+75140]
	Ordinal0 [0x007C3650+79440]
	Ordinal0 [0x007C35E9+79337]
	Ordinal0 [0x0096AD5C+1813852]
	GetHandleVerifier [0x00B8C616+1075574]
	GetHandleVerifier [0x00B8C367+1074887]
	GetHandleVerifier [0x00B97497+1120247]
	GetHandleVerifier [0x00B8CC16+1077110]
	Ordinal0 [0x00963206+1782278]
	Ordinal0 [0x0096C3BB+1819579]
	Ordinal0 [0x0096C523+1819939]
	Ordinal0 [0x00982B45+1911621]
	BaseThreadInitThunk [0x77346359+25]
	RtlGetAppContainerNamedObjectPath [0x774E7C24+228]
	RtlGetAppContainerNamedObjectPath [0x774E7BF4+180]
">
      <![CDATA[org.openqa.selenium.SessionNotCreatedException: session not created
from chrome not reachable
  (Session info: chrome=84.0.4147.135)
Build info: version: '3.141.59', revision: 'e82be7d358', time: '2018-11-14T08:17:03'
System info: host: 'DESKTOP-SNTAD9U', ip: '9.102.53.245', os.name: 'Windows 10', os.arch: 'amd64', os.version: '10.0', java.version: '1.8.0_241'
Driver info: driver.version: ChromeDriver
remote stacktrace: Backtrace:
Ordinal0 [0x00A687E3+2852835]
Ordinal0 [0x00955BB1+1727409]
Ordinal0 [0x0082E362+516962]
Ordinal0 [0x00827D82+490882]
Ordinal0 [0x0082846B+492651]
Ordinal0 [0x008293C5+496581]
Ordinal0 [0x00824D64+478564]
Ordinal0 [0x0082F300+520960]
Ordinal0 [0x007DE489+189577]
Ordinal0 [0x007DD7FD+186365]
Ordinal0 [0x007DB70B+177931]
Ordinal0 [0x007C2584+75140]
Ordinal0 [0x007C3650+79440]
Ordinal0 [0x007C35E9+79337]
Ordinal0 [0x0096AD5C+1813852]
GetHandleVerifier [0x00B8C616+1075574]
GetHandleVerifier [0x00B8C367+1074887]
GetHandleVerifier [0x00B97497+1120247]
GetHandleVerifier [0x00B8CC16+1077110]
Ordinal0 [0x00963206+1782278]
Ordinal0 [0x0096C3BB+1819579]
Ordinal0 [0x0096C523+1819939]
Ordinal0 [0x00982B45+1911621]
BaseThreadInitThunk [0x77346359+25]
RtlGetAppContainerNamedObjectPath [0x774E7C24+228]
RtlGetAppContainerNamedObjectPath [0x774E7BF4+180]

at org.openqa.selenium.remote.W3CHandshakeResponse.lambda$errorHandler$0(W3CHandshakeResponse.java:62)
at org.openqa.selenium.remote.HandshakeResponse.lambda$getResponseFunction$0(HandshakeResponse.java:30)
at org.openqa.selenium.remote.ProtocolHandshake.lambda$createSession$0(ProtocolHandshake.java:126)
at java.util.stream.ReferencePipeline$3$1.accept(ReferencePipeline.java:193)
at java.util.Spliterators$ArraySpliterator.tryAdvance(Spliterators.java:958)
at java.util.stream.ReferencePipeline.forEachWithCancel(ReferencePipeline.java:126)
at java.util.stream.AbstractPipeline.copyIntoWithCancel(AbstractPipeline.java:499)
at java.util.stream.AbstractPipeline.copyInto(AbstractPipeline.java:486)
at java.util.stream.AbstractPipeline.wrapAndCopyInto(AbstractPipeline.java:472)
at java.util.stream.FindOps$FindOp.evaluateSequential(FindOps.java:152)
at java.util.stream.AbstractPipeline.evaluate(AbstractPipeline.java:234)
at java.util.stream.ReferencePipeline.findFirst(ReferencePipeline.java:464)
at org.openqa.selenium.remote.ProtocolHandshake.createSession(ProtocolHandshake.java:128)
at org.openqa.selenium.remote.ProtocolHandshake.createSession(ProtocolHandshake.java:74)
at org.openqa.selenium.remote.HttpCommandExecutor.execute(HttpCommandExecutor.java:136)
at org.openqa.selenium.remote.service.DriverCommandExecutor.execute(DriverCommandExecutor.java:83)
at org.openqa.selenium.remote.RemoteWebDriver.execute(RemoteWebDriver.java:552)
at org.openqa.selenium.remote.RemoteWebDriver.startSession(RemoteWebDriver.java:213)
at org.openqa.selenium.remote.RemoteWebDriver.<init>(RemoteWebDriver.java:131)
at org.openqa.selenium.chrome.ChromeDriver.<init>(ChromeDriver.java:181)
at org.openqa.selenium.chrome.ChromeDriver.<init>(ChromeDriver.java:168)
at org.openqa.selenium.chrome.ChromeDriver.<init>(ChromeDriver.java:157)
at com.qa.hubspot.base.BasePage.init_driver(BasePage.java:43)
at com.qa.hubspot.tests.LoginPageTest.setUp(LoginPageTest.java:52)
... Removed 31 stack frames]]>
    </failure>
  </testcase> <!-- @BeforeTest setUp -->
  <testcase name="@AfterTest tearDown" time="0.001" classname="com.qa.hubspot.tests.LoginPageTest">
    <failure type="java.lang.NullPointerException">
      <![CDATA[java.lang.NullPointerException
at com.qa.hubspot.tests.LoginPageTest.tearDown(LoginPageTest.java:116)
... Removed 27 stack frames]]>
    </failure>
  </testcase> <!-- @AfterTest tearDown -->
  <testcase name="verifyLoginPageTitleTest" time="0.0" classname="com.qa.hubspot.tests.LoginPageTest">
    <skipped/>
  </testcase> <!-- verifyLoginPageTitleTest -->
  <testcase name="verifySignUpLinkTest" time="0.0" classname="com.qa.hubspot.tests.LoginPageTest">
    <ignored/>
  </testcase> <!-- verifySignUpLinkTest -->
  <testcase name="loginTest" time="0.0" classname="com.qa.hubspot.tests.LoginPageTest">
    <ignored/>
  </testcase> <!-- loginTest -->
  <testcase name="login_InvalidTestCases" time="0.0" classname="com.qa.hubspot.tests.LoginPageTest">
    <ignored/>
  </testcase> <!-- login_InvalidTestCases -->
</testsuite> <!-- Hub Spot Functional Regression Test -->
